<?xml version="1.0" encoding="UTF-8"?>
<testng-results ignored="0" total="1" passed="1" failed="0" skipped="0">
  <reporter-output>
  </reporter-output>
  <suite started-at="2023-06-02T17:18:48 ICT" name="Default suite" finished-at="2023-06-02T17:19:20 ICT" duration-ms="31859">
    <groups>
    </groups>
    <test started-at="2023-06-02T17:18:48 ICT" name="Default test" finished-at="2023-06-02T17:19:20 ICT" duration-ms="31859">
      <class name="testcases.TestCase001">
        <test-method is-config="true" signature="startBrowser()[pri:0, instance:testcases.TestCase001@7b36aa0c]" started-at="2023-06-02T17:18:48 ICT" name="startBrowser" finished-at="2023-06-02T17:19:05 ICT" duration-ms="17028" status="PASS">
          <reporter-output>
          </reporter-output>
        </test-method> <!-- startBrowser -->
        <test-method signature="TC01_RegisterUser()[pri:0, instance:testcases.TestCase001@7b36aa0c]" started-at="2023-06-02T17:19:05 ICT" name="TC01_RegisterUser" finished-at="2023-06-02T17:19:19 ICT" duration-ms="14672" status="PASS">
          <reporter-output>
          </reporter-output>
        </test-method> <!-- TC01_RegisterUser -->
        <test-method is-config="true" signature="closeBrowser()[pri:0, instance:testcases.TestCase001@7b36aa0c]" started-at="2023-06-02T17:19:19 ICT" name="closeBrowser" finished-at="2023-06-02T17:19:20 ICT" duration-ms="134" status="PASS">
          <reporter-output>
          </reporter-output>
        </test-method> <!-- closeBrowser -->
      </class> <!-- testcases.TestCase001 -->
    </test> <!-- Default test -->
  </suite> <!-- Default suite -->
</testng-results>
